<?xml version="1.0" encoding="UTF-8"?>
<!-- Generated by org.testng.reporters.JUnitReportReporter -->
<testsuite hostname="LAPTOP-8OOMVNLU" failures="0" tests="1" name="testcases.Runinsent" time="29.243" errors="0" timestamp="2022-06-02T14:08:01 IST" skipped="0">
  <testcase classname="testcases.Runinsent" name="runtestcases" time="29.243"/>
  <system-out/>
</testsuite> <!-- testcases.Runinsent -->
